<?xml version="1.0" encoding="UTF-8"?>
<!-- Generated by org.testng.reporters.JUnitReportReporter -->
<testsuite hostname="Hariharan" failures="0" tests="1" name="restTesting.GetAllProducts" time="3.235" errors="0" timestamp="2024-01-25T05:13:23 IST" skipped="0">
  <testcase classname="restTesting.GetAllProducts" name="getallshoes" time="3.235"/>
</testsuite> <!-- restTesting.GetAllProducts -->
