<?xml version="1.0" encoding="UTF-8"?>
<!-- Generated by org.testng.reporters.JUnitReportReporter -->
<testsuite hostname="Hariharan" failures="0" tests="1" name="restTesting.UpdateProduct" time="0.124" errors="0" timestamp="2024-01-25T05:13:23 IST" skipped="0">
  <testcase classname="restTesting.UpdateProduct" name="updateProduct" time="0.124"/>
</testsuite> <!-- restTesting.UpdateProduct -->
