<?xml version="1.0" encoding="UTF-8"?>
<!-- Generated by org.testng.reporters.JUnitReportReporter -->
<testsuite hostname="Hariharan" failures="0" tests="1" name="restTesting.GetAllRegisteredUsers" time="0.172" errors="0" timestamp="2024-01-25T05:13:23 IST" skipped="0">
  <testcase classname="restTesting.GetAllRegisteredUsers" name="getAllUsers" time="0.172"/>
</testsuite> <!-- restTesting.GetAllRegisteredUsers -->
