<?xml version="1.0" encoding="UTF-8"?>
<!-- Generated by org.testng.reporters.JUnitReportReporter -->
<testsuite hostname="Hariharan" failures="0" tests="1" name="seleniumTestNGProject.AddToCart" time="16.790" errors="0" timestamp="2024-01-25T19:56:05 IST" skipped="0">
  <testcase classname="seleniumTestNGProject.AddToCart" name="addProduct" time="16.790"/>
</testsuite> <!-- seleniumTestNGProject.AddToCart -->
