<?xml version="1.0" encoding="UTF-8"?>
<!-- Generated by org.testng.reporters.JUnitReportReporter -->
<testsuite hostname="Hariharan" failures="0" tests="1" name="seleniumTestNGProject.LoginPage" time="10.390" errors="0" timestamp="2024-01-25T19:56:05 IST" skipped="0">
  <testcase classname="seleniumTestNGProject.LoginPage" name="loginUser" time="10.390"/>
</testsuite> <!-- seleniumTestNGProject.LoginPage -->
