<?xml version="1.0" encoding="UTF-8"?>
<!-- Generated by org.testng.reporters.JUnitReportReporter -->
<testsuite hostname="Hariharan" failures="0" tests="1" name="seleniumTestNGProject.RegistrationPage" time="9.725" errors="0" timestamp="2024-01-25T19:56:05 IST" skipped="0">
  <testcase classname="seleniumTestNGProject.RegistrationPage" name="registerUser" time="9.725"/>
</testsuite> <!-- seleniumTestNGProject.RegistrationPage -->
